<?xml version="1.0" encoding="UTF-8"?>
<!-- Generated by org.testng.reporters.JUnitReportReporter -->
<testsuite hostname="Roshini" failures="1" tests="3" name="com.runner.TestRunnerTestNG" time="119.239" errors="0" timestamp="2025-09-09T08:14:30 IST" skipped="0">
  <testcase classname="com.runner.TestRunnerTestNG" name="runScenario" time="96.228"/>
  <testcase classname="com.runner.TestRunnerTestNG" name="runScenario" time="3.225"/>
  <testcase classname="com.runner.TestRunnerTestNG" name="runScenario" time="19.786">
    <failure message="Failed to select budget from dropdown expected [true] but found [false]" type="java.lang.AssertionError">
      <![CDATA[java.lang.AssertionError: Failed to select budget from dropdown expected [true] but found [false]
at org.testng.Assert.fail(Assert.java:111)
at org.testng.Assert.failNotEquals(Assert.java:1590)
at org.testng.Assert.assertTrue(Assert.java:57)
at com.stepDefinition.SearchHome.the_user_selects_a_budget_range_from_the_dropdown(SearchHome.java:46)
at âœ½.the user selects a budget range from the dropdown(file:///C:/Users/Roshini/eclipse-workspace/test_magicbricks/src/test/resources/Features/SearchHome.feature:7)
]]>
    </failure>
  </testcase> <!-- runScenario -->
</testsuite> <!-- com.runner.TestRunnerTestNG -->
